[25-11-08 14:37:20] [INFO    ] Loaded logs from config file: C:\Users\shank\PycharmProjects\OpenLogRCA\config.ini (RCAconfig.py:13)
[25-11-08 14:37:20] [INFO    ] Successfully read config file from path: ['C:\\Users\\shank\\PycharmProjects\\OpenLogRCA\\config.ini'] (RCAconfig.py:18)
[25-11-08 14:58:10] [INFO    ] Loaded logs from config file: C:\Users\shank\PycharmProjects\OpenLogRCA\config.ini (RCAconfig.py:13)
[25-11-08 14:58:10] [INFO    ] Successfully read config file from path: ['C:\\Users\\shank\\PycharmProjects\\OpenLogRCA\\config.ini'] (RCAconfig.py:18)
[25-11-08 15:06:00] [INFO    ] Loaded logs from config file: C:\Users\shank\PycharmProjects\OpenLogRCA\config.ini (RCAconfig.py:13)
[25-11-08 15:06:00] [INFO    ] Successfully read config file from path: ['C:\\Users\\shank\\PycharmProjects\\OpenLogRCA\\config.ini'] (RCAconfig.py:18)
[25-11-08 15:06:39] [INFO    ] Loaded logs from config file: C:\Users\shank\PycharmProjects\OpenLogRCA\config.ini (RCAconfig.py:13)
[25-11-08 15:06:39] [INFO    ] Successfully read config file from path: ['C:\\Users\\shank\\PycharmProjects\\OpenLogRCA\\config.ini'] (RCAconfig.py:18)
[25-11-08 15:06:39] [ERROR   ] ❌ Missing HttpClient_Host or HttpClient_Port in [chroma]. HTTP mode cannot start. Please check your configuration file. (setUpDB.py:55)
[25-11-08 15:08:20] [INFO    ] Loaded logs from config file: C:\Users\shank\PycharmProjects\OpenLogRCA\config.ini (RCAconfig.py:13)
[25-11-08 15:08:20] [INFO    ] Successfully read config file from path: ['C:\\Users\\shank\\PycharmProjects\\OpenLogRCA\\config.ini'] (RCAconfig.py:18)
[25-11-08 15:08:55] [INFO    ] Loaded logs from config file: C:\Users\shank\PycharmProjects\OpenLogRCA\config.ini (RCAconfig.py:13)
[25-11-08 15:08:55] [INFO    ] Successfully read config file from path: ['C:\\Users\\shank\\PycharmProjects\\OpenLogRCA\\config.ini'] (RCAconfig.py:18)
[25-11-08 15:08:55] [ERROR   ] ❌ Missing HttpClient_Host or HttpClient_Port in [chroma]. HTTP mode cannot start. Please check your configuration file. (setUpDB.py:55)
[25-11-08 15:09:05] [INFO    ] Loaded logs from config file: C:\Users\shank\PycharmProjects\OpenLogRCA\config.ini (RCAconfig.py:13)
[25-11-08 15:09:05] [INFO    ] Successfully read config file from path: ['C:\\Users\\shank\\PycharmProjects\\OpenLogRCA\\config.ini'] (RCAconfig.py:18)
[25-11-08 15:09:05] [ERROR   ] ❌ Missing HttpClient_Host or HttpClient_Port in [chroma]. HTTP mode cannot start. Please check your configuration file. (setUpDB.py:55)
[25-11-08 15:09:26] [INFO    ] Loaded logs from config file: C:\Users\shank\PycharmProjects\OpenLogRCA\config.ini (RCAconfig.py:13)
[25-11-08 15:09:26] [INFO    ] Successfully read config file from path: ['C:\\Users\\shank\\PycharmProjects\\OpenLogRCA\\config.ini'] (RCAconfig.py:18)
[25-11-08 15:09:26] [ERROR   ] ❌ Missing HttpClient_Host or HttpClient_Port in [chroma]. HTTP mode cannot start. Please check your configuration file. (setUpDB.py:55)
[25-11-08 15:10:04] [INFO    ] Loaded logs from config file: C:\Users\shank\PycharmProjects\OpenLogRCA\config.ini (RCAconfig.py:13)
[25-11-08 15:10:04] [INFO    ] Successfully read config file from path: ['C:\\Users\\shank\\PycharmProjects\\OpenLogRCA\\config.ini'] (RCAconfig.py:18)
[25-11-08 15:10:04] [ERROR   ] ❌ Missing HttpClient_Host or HttpClient_Port in [chroma]. HTTP mode cannot start. Please check your configuration file. (setUpDB.py:55)
[25-11-08 15:10:24] [INFO    ] Loaded logs from config file: C:\Users\shank\PycharmProjects\OpenLogRCA\config.ini (RCAconfig.py:13)
[25-11-08 15:10:24] [INFO    ] Successfully read config file from path: ['C:\\Users\\shank\\PycharmProjects\\OpenLogRCA\\config.ini'] (RCAconfig.py:18)
[25-11-08 15:10:24] [ERROR   ] ❌ Missing HttpClient_Host or HttpClient_Port in [chroma]. HTTP mode cannot start. Please check your configuration file. (setUpDB.py:55)
[25-11-08 15:11:15] [INFO    ] Loaded logs from config file: C:\Users\shank\PycharmProjects\OpenLogRCA\config.ini (RCAconfig.py:13)
[25-11-08 15:11:15] [INFO    ] Successfully read config file from path: ['C:\\Users\\shank\\PycharmProjects\\OpenLogRCA\\config.ini'] (RCAconfig.py:18)
[25-11-08 15:11:15] [ERROR   ] ❌ Missing HttpClient_Host or HttpClient_Port in [chroma]. HTTP mode cannot start. Please check your configuration file. (setUpDB.py:55)
[25-11-08 15:11:41] [INFO    ] Loaded logs from config file: C:\Users\shank\PycharmProjects\OpenLogRCA\config.ini (RCAconfig.py:13)
[25-11-08 15:11:41] [INFO    ] Successfully read config file from path: ['C:\\Users\\shank\\PycharmProjects\\OpenLogRCA\\config.ini'] (RCAconfig.py:18)
[25-11-08 15:11:41] [ERROR   ] ❌ Missing HttpClient_Host or HttpClient_Port in [chroma]. HTTP mode cannot start. Please check your configuration file. (setUpDB.py:55)
[25-11-08 15:12:57] [INFO    ] Loaded logs from config file: C:\Users\shank\PycharmProjects\OpenLogRCA\config.ini (RCAconfig.py:13)
[25-11-08 15:12:57] [INFO    ] Successfully read config file from path: ['C:\\Users\\shank\\PycharmProjects\\OpenLogRCA\\config.ini'] (RCAconfig.py:18)
[25-11-08 15:12:57] [INFO    ] 🌐 Using remote Chroma server at localhost:8000 (setUpDB.py:49)
[25-11-08 15:16:36] [INFO    ] Loaded logs from config file: C:\Users\shank\PycharmProjects\OpenLogRCA\config.ini (RCAconfig.py:13)
[25-11-08 15:16:36] [INFO    ] Successfully read config file from path: ['C:\\Users\\shank\\PycharmProjects\\OpenLogRCA\\config.ini'] (RCAconfig.py:18)
[25-11-08 15:16:36] [INFO    ] 🌐 Using remote Chroma server at localhost:8000 (setUpDB.py:48)
[25-11-08 15:18:37] [INFO    ] Loaded logs from config file: C:\Users\shank\PycharmProjects\OpenLogRCA\config.ini (RCAconfig.py:13)
[25-11-08 15:18:37] [INFO    ] Successfully read config file from path: ['C:\\Users\\shank\\PycharmProjects\\OpenLogRCA\\config.ini'] (RCAconfig.py:18)
[25-11-08 15:18:37] [INFO    ] 🌐 Using remote Chroma server at localhost:8000 (setUpDB.py:48)
[25-11-08 15:19:46] [INFO    ] Loaded logs from config file: C:\Users\shank\PycharmProjects\OpenLogRCA\config.ini (RCAconfig.py:13)
[25-11-08 15:19:46] [INFO    ] Successfully read config file from path: ['C:\\Users\\shank\\PycharmProjects\\OpenLogRCA\\config.ini'] (RCAconfig.py:18)
[25-11-08 15:19:46] [INFO    ] 🌐 Using remote Chroma server at localhost:8000 (setUpDB.py:48)
[25-11-08 15:20:55] [INFO    ] Loaded logs from config file: C:\Users\shank\PycharmProjects\OpenLogRCA\config.ini (RCAconfig.py:13)
[25-11-08 15:20:55] [INFO    ] Successfully read config file from path: ['C:\\Users\\shank\\PycharmProjects\\OpenLogRCA\\config.ini'] (RCAconfig.py:18)
[25-11-08 15:20:55] [INFO    ] 💾 Using Chroma persistent client at: C:\Users\shank\PycharmProjects\OpenLogRCA\Embeddings (setUpDB.py:29)
[25-11-08 15:21:17] [INFO    ] Loaded logs from config file: C:\Users\shank\PycharmProjects\OpenLogRCA\config.ini (RCAconfig.py:13)
[25-11-08 15:21:17] [INFO    ] Successfully read config file from path: ['C:\\Users\\shank\\PycharmProjects\\OpenLogRCA\\config.ini'] (RCAconfig.py:18)
[25-11-08 15:21:17] [INFO    ] 💾 Using Chroma persistent client at: C:\Users\shank\PycharmProjects\OpenLogRCA\Embeddings (setUpDB.py:29)
[25-11-08 16:13:39] [INFO    ] Loaded logs from config file: C:\Users\shank\PycharmProjects\config.ini (RCAconfig.py:13)
[25-11-08 16:13:39] [INFO    ] Successfully read config file from path: [] (RCAconfig.py:18)
[25-11-08 16:13:39] [DEBUG   ] debug (main.py:8)
[25-11-08 16:13:39] [INFO    ] info (main.py:9)
[25-11-08 16:13:39] [WARNING ] warning (main.py:10)
[25-11-08 16:13:39] [ERROR   ] error (main.py:11)
[25-11-08 16:13:39] [INFO    ] 💾 Using Chroma persistent client at: C:\Users\shank\PycharmProjects\Embeddings (setUpDB.py:29)
[25-11-08 16:14:47] [INFO    ] Loaded logs from config file: C:\Users\shank\PycharmProjects\config.ini (RCAconfig.py:13)
[25-11-08 16:14:47] [INFO    ] Successfully read config file from path: [] (RCAconfig.py:18)
[25-11-08 16:14:47] [DEBUG   ] debug (main.py:8)
[25-11-08 16:14:47] [INFO    ] info (main.py:9)
[25-11-08 16:14:47] [WARNING ] warning (main.py:10)
[25-11-08 16:14:47] [ERROR   ] error (main.py:11)
[25-11-08 16:14:47] [INFO    ] 💾 Using Chroma persistent client at: C:\Users\shank\PycharmProjects\Embeddings (setUpDB.py:29)
[25-11-08 16:16:03] [INFO    ] Loaded logs from config file: C:\Users\shank\PycharmProjects\config.ini (RCAconfig.py:13)
[25-11-08 16:16:03] [INFO    ] Successfully read config file from path: [] (RCAconfig.py:18)
[25-11-08 16:16:03] [DEBUG   ] debug (main.py:8)
[25-11-08 16:16:03] [INFO    ] info (main.py:9)
[25-11-08 16:16:03] [WARNING ] warning (main.py:10)
[25-11-08 16:16:03] [ERROR   ] error (main.py:11)
[25-11-08 16:16:03] [INFO    ] 💾 Using Chroma persistent client at: C:\Users\shank\PycharmProjects\Embeddings (setUpDB.py:30)
[25-11-08 16:18:06] [INFO    ] Loaded logs from config file: C:\Users\shank\PycharmProjects\config.ini (RCAconfig.py:13)
[25-11-08 16:18:06] [INFO    ] Successfully read config file from path: [] (RCAconfig.py:18)
[25-11-08 16:18:06] [DEBUG   ] debug (main.py:8)
[25-11-08 16:18:06] [INFO    ] info (main.py:9)
[25-11-08 16:18:06] [WARNING ] warning (main.py:10)
[25-11-08 16:18:06] [ERROR   ] error (main.py:11)
[25-11-08 16:18:06] [INFO    ] 💾 Using Chroma persistent client at: C:\Users\shank\PycharmProjects\Embeddings (setUpDB.py:30)
[25-11-08 16:21:20] [INFO    ] Loaded logs from config file: C:\Users\shank\PycharmProjects\config.ini (RCAconfig.py:13)
[25-11-08 16:21:20] [INFO    ] Successfully read config file from path: [] (RCAconfig.py:18)
[25-11-08 16:21:20] [DEBUG   ] debug (main.py:8)
[25-11-08 16:21:20] [INFO    ] info (main.py:9)
[25-11-08 16:21:20] [WARNING ] warning (main.py:10)
[25-11-08 16:21:20] [ERROR   ] error (main.py:11)
[25-11-08 16:21:20] [INFO    ] 💾 Using Chroma persistent client at: C:\Users\shank\PycharmProjects\Embeddings (setUpDB.py:30)
[25-11-08 16:22:20] [INFO    ] Loaded logs from config file: C:\Users\shank\PycharmProjects\config.ini (RCAconfig.py:13)
[25-11-08 16:22:20] [INFO    ] Successfully read config file from path: [] (RCAconfig.py:18)
[25-11-08 16:22:20] [DEBUG   ] debug (main.py:8)
[25-11-08 16:22:20] [INFO    ] info (main.py:9)
[25-11-08 16:22:20] [WARNING ] warning (main.py:10)
[25-11-08 16:22:20] [ERROR   ] error (main.py:11)
[25-11-08 16:22:20] [INFO    ] 💾 Using Chroma persistent client at: C:\Users\shank\PycharmProjects\Embeddings (setUpDB.py:30)
[25-11-08 16:24:55] [INFO    ] Loaded logs from config file: C:\Users\shank\PycharmProjects\config.ini (RCAconfig.py:13)
[25-11-08 16:24:55] [INFO    ] Successfully read config file from path: [] (RCAconfig.py:18)
[25-11-08 16:24:55] [DEBUG   ] debug (main.py:8)
[25-11-08 16:24:55] [INFO    ] info (main.py:9)
[25-11-08 16:24:55] [WARNING ] warning (main.py:10)
[25-11-08 16:24:55] [ERROR   ] error (main.py:11)
[25-11-08 16:24:55] [INFO    ] 💾 Using Chroma persistent client at: C:\Users\shank\PycharmProjects\OpenLogRCA\Embeddings (setUpDB.py:30)
